Content-Type: multipart/alternative;
 boundary="===============8596650976790790970=="
MIME-Version: 1.0
Subject: Profile activation
From: test@example.com
To: vtubedanvplus@gmail.com
Date: Tue, 13 Jul 2021 02:07:13 -0000
Message-ID: <162614203390.10908.6166078190650847109@DESKTOP-5LFF3EE>

--===============8596650976790790970==
Content-Type: text/plain; charset="utf-8"
MIME-Version: 1.0
Content-Transfer-Encoding: 7bit



To activate your profile, please follow this link:

http://127.0.0.1:8000/accounts/activate/qGpyB8zVNknWzLGJhCYD/

--===============8596650976790790970==
Content-Type: text/html; charset="utf-8"
MIME-Version: 1.0
Content-Transfer-Encoding: 7bit



<!DOCTYPE html PUBLIC "-//W3C//DTD XHTML 1.0 Transitional//EN"
        "http://www.w3.org/TR/xhtml1/DTD/xhtml1-transitional.dtd">
<html xmlns="http://www.w3.org/1999/xhtml">
<head>
    <meta http-equiv="Content-Type" content="text/html; charset=UTF-8"/>
    <title>Profile activation</title>
    <meta name="viewport" content="width=device-width, initial-scale=1.0"/>
</head>

<body>

<p>
    To activate your profile, please follow this link:
</p>

<p>
    <a href="http://127.0.0.1:8000/accounts/activate/qGpyB8zVNknWzLGJhCYD/">http://127.0.0.1:8000/accounts/activate/qGpyB8zVNknWzLGJhCYD/</a>
</p>

</body>

</html>

--===============8596650976790790970==--

-------------------------------------------------------------------------------
